[0625/103925.867:ERROR:process_reader_win.cc(242)] ReadMemory at 0x7ff71f2a0000 of 64 bytes failed: Een ReadProcessMemory- of WriteProcessMemory-opdracht is slechts gedeeltelijk uitgevoerd. (0x12B)
[0625/103925.998:WARNING:pe_image_reader.cc(302)] could not read dos header from C:\Program Files (x86)\Google\Chrome\Application\chrome.exe
[0625/103925.998:ERROR:process_reader_win.cc(242)] ReadMemory at 0x7ff892be0000 of 64 bytes failed: Een ReadProcessMemory- of WriteProcessMemory-opdracht is slechts gedeeltelijk uitgevoerd. (0x12B)
[0625/103925.998:WARNING:pe_image_reader.cc(302)] could not read dos header from C:\WINDOWS\SYSTEM32\ntdll.dll
[0625/103925.998:ERROR:process_reader_win.cc(242)] ReadMemory at 0x7ff890680000 of 64 bytes failed: Een ReadProcessMemory- of WriteProcessMemory-opdracht is slechts gedeeltelijk uitgevoerd. (0x12B)
[0625/103926.125:WARNING:pe_image_reader.cc(302)] could not read dos header from C:\WINDOWS\System32\KERNEL32.DLL
[0625/103926.125:ERROR:process_reader_win.cc(242)] ReadMemory at 0x7ff88f860000 of 64 bytes failed: Een ReadProcessMemory- of WriteProcessMemory-opdracht is slechts gedeeltelijk uitgevoerd. (0x12B)
[0625/103926.125:WARNING:pe_image_reader.cc(302)] could not read dos header from C:\WINDOWS\System32\KERNELBASE.dll
[0625/103926.125:ERROR:process_reader_win.cc(242)] ReadMemory at 0x7ff88cf20000 of 64 bytes failed: Een ReadProcessMemory- of WriteProcessMemory-opdracht is slechts gedeeltelijk uitgevoerd. (0x12B)
[0625/103926.126:WARNING:pe_image_reader.cc(302)] could not read dos header from C:\WINDOWS\SYSTEM32\apphelp.dll
[0625/103926.126:ERROR:process_reader_win.cc(242)] ReadMemory at 0x7ff890760000 of 64 bytes failed: Een ReadProcessMemory- of WriteProcessMemory-opdracht is slechts gedeeltelijk uitgevoerd. (0x12B)
[0625/103926.126:WARNING:pe_image_reader.cc(302)] could not read dos header from C:\WINDOWS\System32\ADVAPI32.dll
[0625/103926.126:ERROR:process_reader_win.cc(242)] ReadMemory at 0x7ff890070000 of 64 bytes failed: Een ReadProcessMemory- of WriteProcessMemory-opdracht is slechts gedeeltelijk uitgevoerd. (0x12B)
[0625/103926.126:WARNING:pe_image_reader.cc(302)] could not read dos header from C:\WINDOWS\System32\msvcrt.dll
[0625/103926.126:ERROR:process_reader_win.cc(242)] ReadMemory at 0x7ff892a90000 of 64 bytes failed: Een ReadProcessMemory- of WriteProcessMemory-opdracht is slechts gedeeltelijk uitgevoerd. (0x12B)
[0625/103926.126:WARNING:pe_image_reader.cc(302)] could not read dos header from C:\WINDOWS\System32\sechost.dll
[0625/103926.126:ERROR:process_reader_win.cc(242)] ReadMemory at 0x7ff890e40000 of 64 bytes failed: Een ReadProcessMemory- of WriteProcessMemory-opdracht is slechts gedeeltelijk uitgevoerd. (0x12B)
[0625/103926.126:WARNING:pe_image_reader.cc(302)] could not read dos header from C:\WINDOWS\System32\RPCRT4.dll
[0625/103926.126:ERROR:process_reader_win.cc(242)] ReadMemory at 0x7ff892af0000 of 64 bytes failed: Een ReadProcessMemory- of WriteProcessMemory-opdracht is slechts gedeeltelijk uitgevoerd. (0x12B)
[0625/103926.126:WARNING:pe_image_reader.cc(302)] could not read dos header from C:\WINDOWS\System32\PSAPI.DLL
[0625/103926.126:ERROR:process_reader_win.cc(242)] ReadMemory at 0x7ff890fa0000 of 64 bytes failed: Een ReadProcessMemory- of WriteProcessMemory-opdracht is slechts gedeeltelijk uitgevoerd. (0x12B)
[0625/103926.126:WARNING:pe_image_reader.cc(302)] could not read dos header from C:\WINDOWS\System32\SHELL32.dll
[0625/103926.126:ERROR:process_reader_win.cc(242)] ReadMemory at 0x7ff88f080000 of 64 bytes failed: Een ReadProcessMemory- of WriteProcessMemory-opdracht is slechts gedeeltelijk uitgevoerd. (0x12B)
[0625/103926.126:WARNING:pe_image_reader.cc(302)] could not read dos header from C:\WINDOWS\System32\cfgmgr32.dll
[0625/103926.126:ERROR:process_reader_win.cc(242)] ReadMemory at 0x7ff88ff70000 of 64 bytes failed: Een ReadProcessMemory- of WriteProcessMemory-opdracht is slechts gedeeltelijk uitgevoerd. (0x12B)
[0625/103926.126:WARNING:pe_image_reader.cc(302)] could not read dos header from C:\WINDOWS\System32\ucrtbase.dll
[0625/103926.126:ERROR:process_reader_win.cc(242)] ReadMemory at 0x7ff892b00000 of 64 bytes failed: Een ReadProcessMemory- of WriteProcessMemory-opdracht is slechts gedeeltelijk uitgevoerd. (0x12B)
[0625/103926.126:WARNING:pe_image_reader.cc(302)] could not read dos header from C:\WINDOWS\System32\shcore.dll
[0625/103926.126:ERROR:process_reader_win.cc(242)] ReadMemory at 0x7ff892720000 of 64 bytes failed: Een ReadProcessMemory- of WriteProcessMemory-opdracht is slechts gedeeltelijk uitgevoerd. (0x12B)
[0625/103926.126:WARNING:pe_image_reader.cc(302)] could not read dos header from C:\WINDOWS\System32\combase.dll
[0625/103926.126:ERROR:process_reader_win.cc(242)] ReadMemory at 0x7ff88f7e0000 of 64 bytes failed: Een ReadProcessMemory- of WriteProcessMemory-opdracht is slechts gedeeltelijk uitgevoerd. (0x12B)
[0625/103926.126:WARNING:pe_image_reader.cc(302)] could not read dos header from C:\WINDOWS\System32\bcryptPrimitives.dll
[0625/103926.126:ERROR:process_reader_win.cc(242)] ReadMemory at 0x7ff88f0d0000 of 64 bytes failed: Een ReadProcessMemory- of WriteProcessMemory-opdracht is slechts gedeeltelijk uitgevoerd. (0x12B)
[0625/103926.126:WARNING:pe_image_reader.cc(302)] could not read dos header from C:\WINDOWS\System32\windows.storage.dll
[0625/103926.126:ERROR:process_reader_win.cc(242)] ReadMemory at 0x7ff8926c0000 of 64 bytes failed: Een ReadProcessMemory- of WriteProcessMemory-opdracht is slechts gedeeltelijk uitgevoerd. (0x12B)
[0625/103926.126:WARNING:pe_image_reader.cc(302)] could not read dos header from C:\WINDOWS\System32\shlwapi.dll
[0625/103926.126:ERROR:process_reader_win.cc(242)] ReadMemory at 0x7ff890f70000 of 64 bytes failed: Een ReadProcessMemory- of WriteProcessMemory-opdracht is slechts gedeeltelijk uitgevoerd. (0x12B)
[0625/103926.126:WARNING:pe_image_reader.cc(302)] could not read dos header from C:\WINDOWS\System32\GDI32.dll
[0625/103926.127:ERROR:process_reader_win.cc(242)] ReadMemory at 0x7ff88fdd0000 of 64 bytes failed: Een ReadProcessMemory- of WriteProcessMemory-opdracht is slechts gedeeltelijk uitgevoerd. (0x12B)
[0625/103926.127:WARNING:pe_image_reader.cc(302)] could not read dos header from C:\WINDOWS\System32\gdi32full.dll
[0625/103926.127:ERROR:process_reader_win.cc(242)] ReadMemory at 0x7ff88fd30000 of 64 bytes failed: Een ReadProcessMemory- of WriteProcessMemory-opdracht is slechts gedeeltelijk uitgevoerd. (0x12B)
[0625/103926.127:WARNING:pe_image_reader.cc(302)] could not read dos header from C:\WINDOWS\System32\msvcp_win.dll
[0625/103926.127:ERROR:process_reader_win.cc(242)] ReadMemory at 0x7ff8903b0000 of 64 bytes failed: Een ReadProcessMemory- of WriteProcessMemory-opdracht is slechts gedeeltelijk uitgevoerd. (0x12B)
[0625/103926.127:WARNING:pe_image_reader.cc(302)] could not read dos header from C:\WINDOWS\System32\USER32.dll
[0625/103926.127:ERROR:process_reader_win.cc(242)] ReadMemory at 0x7ff88f060000 of 64 bytes failed: Een ReadProcessMemory- of WriteProcessMemory-opdracht is slechts gedeeltelijk uitgevoerd. (0x12B)
[0625/103926.127:WARNING:pe_image_reader.cc(302)] could not read dos header from C:\WINDOWS\System32\win32u.dll
[0625/103926.127:ERROR:process_reader_win.cc(242)] ReadMemory at 0x7ff88ef10000 of 64 bytes failed: Een ReadProcessMemory- of WriteProcessMemory-opdracht is slechts gedeeltelijk uitgevoerd. (0x12B)
[0625/103926.127:WARNING:pe_image_reader.cc(302)] could not read dos header from C:\WINDOWS\System32\kernel.appcore.dll
[0625/103926.127:ERROR:process_reader_win.cc(242)] ReadMemory at 0x7ff88eef0000 of 64 bytes failed: Een ReadProcessMemory- of WriteProcessMemory-opdracht is slechts gedeeltelijk uitgevoerd. (0x12B)
[0625/103926.127:WARNING:pe_image_reader.cc(302)] could not read dos header from C:\WINDOWS\System32\profapi.dll
[0625/103926.127:ERROR:process_reader_win.cc(242)] ReadMemory at 0x7ff88ef30000 of 64 bytes failed: Een ReadProcessMemory- of WriteProcessMemory-opdracht is slechts gedeeltelijk uitgevoerd. (0x12B)
[0625/103926.127:WARNING:pe_image_reader.cc(302)] could not read dos header from C:\WINDOWS\System32\powrprof.dll
[0625/103926.127:ERROR:process_reader_win.cc(242)] ReadMemory at 0x7ff88ef80000 of 64 bytes failed: Een ReadProcessMemory- of WriteProcessMemory-opdracht is slechts gedeeltelijk uitgevoerd. (0x12B)
[0625/103926.127:WARNING:pe_image_reader.cc(302)] could not read dos header from C:\WINDOWS\System32\FLTLIB.DLL
[0625/103926.127:ERROR:process_reader_win.cc(242)] ReadMemory at 0x7ff873db0000 of 64 bytes failed: Een ReadProcessMemory- of WriteProcessMemory-opdracht is slechts gedeeltelijk uitgevoerd. (0x12B)
[0625/103926.127:WARNING:pe_image_reader.cc(302)] could not read dos header from C:\Program Files (x86)\Google\Chrome\Application\67.0.3396.87\chrome_elf.dll
[0625/103926.127:ERROR:process_reader_win.cc(242)] ReadMemory at 0x7ff87da90000 of 64 bytes failed: Een ReadProcessMemory- of WriteProcessMemory-opdracht is slechts gedeeltelijk uitgevoerd. (0x12B)
[0625/103926.127:WARNING:pe_image_reader.cc(302)] could not read dos header from C:\WINDOWS\SYSTEM32\VERSION.dll
[0625/103926.127:ERROR:process_reader_win.cc(242)] ReadMemory at 0x7ff88c8f0000 of 64 bytes failed: Een ReadProcessMemory- of WriteProcessMemory-opdracht is slechts gedeeltelijk uitgevoerd. (0x12B)
[0625/103926.127:WARNING:pe_image_reader.cc(302)] could not read dos header from C:\WINDOWS\SYSTEM32\WINMM.dll
[0625/103926.127:ERROR:process_reader_win.cc(242)] ReadMemory at 0x7ff88edf0000 of 64 bytes failed: Een ReadProcessMemory- of WriteProcessMemory-opdracht is slechts gedeeltelijk uitgevoerd. (0x12B)
[0625/103926.127:WARNING:pe_image_reader.cc(302)] could not read dos header from C:\WINDOWS\SYSTEM32\USERENV.dll
[0625/103926.127:ERROR:process_reader_win.cc(242)] ReadMemory at 0x7ff887a80000 of 64 bytes failed: Een ReadProcessMemory- of WriteProcessMemory-opdracht is slechts gedeeltelijk uitgevoerd. (0x12B)
[0625/103926.127:WARNING:pe_image_reader.cc(302)] could not read dos header from C:\WINDOWS\SYSTEM32\WINHTTP.dll
[0625/103926.127:ERROR:process_reader_win.cc(242)] ReadMemory at 0x7ff88c8c0000 of 64 bytes failed: Een ReadProcessMemory- of WriteProcessMemory-opdracht is slechts gedeeltelijk uitgevoerd. (0x12B)
[0625/103926.127:WARNING:pe_image_reader.cc(302)] could not read dos header from C:\WINDOWS\SYSTEM32\WINMMBASE.dll
[0625/103926.128:ERROR:process_reader_win.cc(242)] ReadMemory at 0x7ff88e940000 of 64 bytes failed: Een ReadProcessMemory- of WriteProcessMemory-opdracht is slechts gedeeltelijk uitgevoerd. (0x12B)
[0625/103926.128:WARNING:pe_image_reader.cc(302)] could not read dos header from C:\WINDOWS\SYSTEM32\CRYPTBASE.DLL
[0625/103926.128:ERROR:process_reader_win.cc(242)] ReadMemory at 0x7ff892a60000 of 64 bytes failed: Een ReadProcessMemory- of WriteProcessMemory-opdracht is slechts gedeeltelijk uitgevoerd. (0x12B)
[0625/103926.128:WARNING:pe_image_reader.cc(302)] could not read dos header from C:\WINDOWS\System32\IMM32.DLL
[0625/103926.128:ERROR:process_reader_win.cc(242)] ReadMemory at 0x7ff836b50000 of 64 bytes failed: Een ReadProcessMemory- of WriteProcessMemory-opdracht is slechts gedeeltelijk uitgevoerd. (0x12B)
[0625/103926.128:WARNING:pe_image_reader.cc(302)] could not read dos header from C:\Program Files (x86)\Google\Chrome\Application\67.0.3396.87\chrome_child.dll
[0625/103926.128:ERROR:process_reader_win.cc(242)] ReadMemory at 0x7ff890120000 of 64 bytes failed: Een ReadProcessMemory- of WriteProcessMemory-opdracht is slechts gedeeltelijk uitgevoerd. (0x12B)
[0625/103926.128:WARNING:pe_image_reader.cc(302)] could not read dos header from C:\WINDOWS\System32\COMDLG32.dll
[0625/103926.128:ERROR:process_reader_win.cc(242)] ReadMemory at 0x2037c380000 of 64 bytes failed: Een ReadProcessMemory- of WriteProcessMemory-opdracht is slechts gedeeltelijk uitgevoerd. (0x12B)
[0625/103926.128:WARNING:pe_image_reader.cc(302)] could not read dos header from C:\WINDOWS\System32\OLEAUT32.dll
[0625/103926.128:ERROR:process_reader_win.cc(242)] ReadMemory at 0x7ff890610000 of 64 bytes failed: Een ReadProcessMemory- of WriteProcessMemory-opdracht is slechts gedeeltelijk uitgevoerd. (0x12B)
[0625/103926.128:WARNING:pe_image_reader.cc(302)] could not read dos header from C:\WINDOWS\System32\WS2_32.dll
[0625/103926.128:ERROR:process_reader_win.cc(242)] ReadMemory at 0x2037c760000 of 64 bytes failed: Een ReadProcessMemory- of WriteProcessMemory-opdracht is slechts gedeeltelijk uitgevoerd. (0x12B)
[0625/103926.128:WARNING:pe_image_reader.cc(302)] could not read dos header from C:\WINDOWS\System32\ole32.dll
[0625/103926.128:ERROR:process_reader_win.cc(242)] ReadMemory at 0x7ff88fcd0000 of 64 bytes failed: Een ReadProcessMemory- of WriteProcessMemory-opdracht is slechts gedeeltelijk uitgevoerd. (0x12B)
[0625/103926.128:WARNING:pe_image_reader.cc(302)] could not read dos header from C:\WINDOWS\System32\WINTRUST.dll
[0625/103926.128:ERROR:process_reader_win.cc(242)] ReadMemory at 0x7ff88ef90000 of 64 bytes failed: Een ReadProcessMemory- of WriteProcessMemory-opdracht is slechts gedeeltelijk uitgevoerd. (0x12B)
[0625/103926.128:WARNING:pe_image_reader.cc(302)] could not read dos header from C:\WINDOWS\System32\MSASN1.dll
[0625/103926.128:ERROR:process_reader_win.cc(242)] ReadMemory at 0x7ff88fae0000 of 64 bytes failed: Een ReadProcessMemory- of WriteProcessMemory-opdracht is slechts gedeeltelijk uitgevoerd. (0x12B)
[0625/103926.128:WARNING:pe_image_reader.cc(302)] could not read dos header from C:\WINDOWS\System32\CRYPT32.dll
[0625/103926.128:ERROR:process_reader_win.cc(242)] ReadMemory at 0x7ff87f140000 of 64 bytes failed: Een ReadProcessMemory- of WriteProcessMemory-opdracht is slechts gedeeltelijk uitgevoerd. (0x12B)
[0625/103926.128:WARNING:pe_image_reader.cc(302)] could not read dos header from C:\WINDOWS\WinSxS\amd64_microsoft.windows.common-controls_6595b64144ccf1df_6.0.17134.112_none_fb3f961b30681c12\COMCTL32.dll
[0625/103926.128:ERROR:process_reader_win.cc(242)] ReadMemory at 0x7ff889bf0000 of 64 bytes failed: Een ReadProcessMemory- of WriteProcessMemory-opdracht is slechts gedeeltelijk uitgevoerd. (0x12B)
[0625/103926.128:WARNING:pe_image_reader.cc(302)] could not read dos header from C:\WINDOWS\SYSTEM32\Secur32.dll
[0625/103926.128:ERROR:process_reader_win.cc(242)] ReadMemory at 0x7ff87ada0000 of 64 bytes failed: Een ReadProcessMemory- of WriteProcessMemory-opdracht is slechts gedeeltelijk uitgevoerd. (0x12B)
[0625/103926.128:WARNING:pe_image_reader.cc(302)] could not read dos header from C:\WINDOWS\SYSTEM32\dbghelp.dll
[0625/103926.128:ERROR:process_reader_win.cc(242)] ReadMemory at 0x7ff871030000 of 64 bytes failed: Een ReadProcessMemory- of WriteProcessMemory-opdracht is slechts gedeeltelijk uitgevoerd. (0x12B)
[0625/103926.128:WARNING:pe_image_reader.cc(302)] could not read dos header from C:\WINDOWS\SYSTEM32\USP10.dll
[0625/103926.128:ERROR:process_reader_win.cc(242)] ReadMemory at 0x7ff887470000 of 64 bytes failed: Een ReadProcessMemory- of WriteProcessMemory-opdracht is slechts gedeeltelijk uitgevoerd. (0x12B)
[0625/103926.128:WARNING:pe_image_reader.cc(302)] could not read dos header from C:\WINDOWS\SYSTEM32\WINSPOOL.DRV
[0625/103926.128:ERROR:process_reader_win.cc(242)] ReadMemory at 0x7ff88e4f0000 of 64 bytes failed: Een ReadProcessMemory- of WriteProcessMemory-opdracht is slechts gedeeltelijk uitgevoerd. (0x12B)
[0625/103926.129:WARNING:pe_image_reader.cc(302)] could not read dos header from C:\WINDOWS\SYSTEM32\IPHLPAPI.DLL
[0625/103926.129:ERROR:process_reader_win.cc(242)] ReadMemory at 0x7ff887d80000 of 64 bytes failed: Een ReadProcessMemory- of WriteProcessMemory-opdracht is slechts gedeeltelijk uitgevoerd. (0x12B)
[0625/103926.129:WARNING:pe_image_reader.cc(302)] could not read dos header from C:\WINDOWS\SYSTEM32\urlmon.dll
[0625/103926.129:ERROR:process_reader_win.cc(242)] ReadMemory at 0x7ff880340000 of 64 bytes failed: Een ReadProcessMemory- of WriteProcessMemory-opdracht is slechts gedeeltelijk uitgevoerd. (0x12B)
[0625/103926.129:WARNING:pe_image_reader.cc(302)] could not read dos header from C:\WINDOWS\SYSTEM32\DWrite.dll
[0625/103926.129:ERROR:process_reader_win.cc(242)] ReadMemory at 0x7ff88dd70000 of 64 bytes failed: Een ReadProcessMemory- of WriteProcessMemory-opdracht is slechts gedeeltelijk uitgevoerd. (0x12B)
[0625/103926.129:WARNING:pe_image_reader.cc(302)] could not read dos header from C:\WINDOWS\SYSTEM32\dxgi.dll
[0625/103926.129:ERROR:process_reader_win.cc(242)] ReadMemory at 0x7ff888c10000 of 64 bytes failed: Een ReadProcessMemory- of WriteProcessMemory-opdracht is slechts gedeeltelijk uitgevoerd. (0x12B)
[0625/103926.129:WARNING:pe_image_reader.cc(302)] could not read dos header from C:\WINDOWS\SYSTEM32\dhcpcsvc.DLL
[0625/103926.129:ERROR:process_reader_win.cc(242)] ReadMemory at 0x7ff892a50000 of 64 bytes failed: Een ReadProcessMemory- of WriteProcessMemory-opdracht is slechts gedeeltelijk uitgevoerd. (0x12B)
[0625/103926.129:WARNING:pe_image_reader.cc(302)] could not read dos header from C:\WINDOWS\System32\NSI.dll
[0625/103926.129:ERROR:process_reader_win.cc(242)] ReadMemory at 0x7ff88d850000 of 64 bytes failed: Een ReadProcessMemory- of WriteProcessMemory-opdracht is slechts gedeeltelijk uitgevoerd. (0x12B)
[0625/103926.129:WARNING:pe_image_reader.cc(302)] could not read dos header from C:\WINDOWS\SYSTEM32\PROPSYS.dll
[0625/103926.129:ERROR:process_reader_win.cc(242)] ReadMemory at 0x7ff88ea50000 of 64 bytes failed: Een ReadProcessMemory- of WriteProcessMemory-opdracht is slechts gedeeltelijk uitgevoerd. (0x12B)
[0625/103926.129:WARNING:pe_image_reader.cc(302)] could not read dos header from C:\WINDOWS\SYSTEM32\bcrypt.dll
[0625/103926.129:ERROR:process_reader_win.cc(242)] ReadMemory at 0x7ff886eb0000 of 64 bytes failed: Een ReadProcessMemory- of WriteProcessMemory-opdracht is slechts gedeeltelijk uitgevoerd. (0x12B)
[0625/103926.129:WARNING:pe_image_reader.cc(302)] could not read dos header from C:\WINDOWS\SYSTEM32\iertutil.dll
[0625/103926.129:ERROR:process_reader_win.cc(242)] ReadMemory at 0x7ff88ee20000 of 64 bytes failed: Een ReadProcessMemory- of WriteProcessMemory-opdracht is slechts gedeeltelijk uitgevoerd. (0x12B)
[0625/103926.129:WARNING:pe_image_reader.cc(302)] could not read dos header from C:\WINDOWS\SYSTEM32\SSPICLI.DLL
[0625/103926.129:ERROR:process_reader_win.cc(242)] ReadMemory at 0x7ff71f2a0000 of 64 bytes failed: Een ReadProcessMemory- of WriteProcessMemory-opdracht is slechts gedeeltelijk uitgevoerd. (0x12B)
[0625/103926.129:WARNING:pe_image_reader.cc(302)] could not read dos header from C:\Program Files (x86)\Google\Chrome\Application\chrome.exe
[0625/103926.129:ERROR:process_reader_win.cc(242)] ReadMemory at 0x7ff71f2a0000 of 64 bytes failed: Een ReadProcessMemory- of WriteProcessMemory-opdracht is slechts gedeeltelijk uitgevoerd. (0x12B)
[0625/103926.129:WARNING:pe_image_reader.cc(302)] could not read dos header from C:\Program Files (x86)\Google\Chrome\Application\chrome.exe
[0625/103926.129:ERROR:process_reader_win.cc(242)] ReadMemory at 0x7ff892be0000 of 64 bytes failed: Een ReadProcessMemory- of WriteProcessMemory-opdracht is slechts gedeeltelijk uitgevoerd. (0x12B)
[0625/103926.129:WARNING:pe_image_reader.cc(302)] could not read dos header from C:\WINDOWS\SYSTEM32\ntdll.dll
[0625/103926.130:ERROR:process_reader_win.cc(242)] ReadMemory at 0x7ff892be0000 of 64 bytes failed: Een ReadProcessMemory- of WriteProcessMemory-opdracht is slechts gedeeltelijk uitgevoerd. (0x12B)
[0625/103926.130:WARNING:pe_image_reader.cc(302)] could not read dos header from C:\WINDOWS\SYSTEM32\ntdll.dll
[0625/103926.130:ERROR:process_reader_win.cc(242)] ReadMemory at 0x7ff890680000 of 64 bytes failed: Een ReadProcessMemory- of WriteProcessMemory-opdracht is slechts gedeeltelijk uitgevoerd. (0x12B)
[0625/103926.130:WARNING:pe_image_reader.cc(302)] could not read dos header from C:\WINDOWS\System32\KERNEL32.DLL
[0625/103926.130:ERROR:process_reader_win.cc(242)] ReadMemory at 0x7ff890680000 of 64 bytes failed: Een ReadProcessMemory- of WriteProcessMemory-opdracht is slechts gedeeltelijk uitgevoerd. (0x12B)
[0625/103926.130:WARNING:pe_image_reader.cc(302)] could not read dos header from C:\WINDOWS\System32\KERNEL32.DLL
[0625/103926.130:ERROR:process_reader_win.cc(242)] ReadMemory at 0x7ff88f860000 of 64 bytes failed: Een ReadProcessMemory- of WriteProcessMemory-opdracht is slechts gedeeltelijk uitgevoerd. (0x12B)
[0625/103926.130:WARNING:pe_image_reader.cc(302)] could not read dos header from C:\WINDOWS\System32\KERNELBASE.dll
[0625/103926.130:ERROR:process_reader_win.cc(242)] ReadMemory at 0x7ff88f860000 of 64 bytes failed: Een ReadProcessMemory- of WriteProcessMemory-opdracht is slechts gedeeltelijk uitgevoerd. (0x12B)
[0625/103926.130:WARNING:pe_image_reader.cc(302)] could not read dos header from C:\WINDOWS\System32\KERNELBASE.dll
[0625/103926.130:ERROR:process_reader_win.cc(242)] ReadMemory at 0x7ff88cf20000 of 64 bytes failed: Een ReadProcessMemory- of WriteProcessMemory-opdracht is slechts gedeeltelijk uitgevoerd. (0x12B)
[0625/103926.130:WARNING:pe_image_reader.cc(302)] could not read dos header from C:\WINDOWS\SYSTEM32\apphelp.dll
[0625/103926.130:ERROR:process_reader_win.cc(242)] ReadMemory at 0x7ff88cf20000 of 64 bytes failed: Een ReadProcessMemory- of WriteProcessMemory-opdracht is slechts gedeeltelijk uitgevoerd. (0x12B)
[0625/103926.130:WARNING:pe_image_reader.cc(302)] could not read dos header from C:\WINDOWS\SYSTEM32\apphelp.dll
[0625/103926.130:ERROR:process_reader_win.cc(242)] ReadMemory at 0x7ff890760000 of 64 bytes failed: Een ReadProcessMemory- of WriteProcessMemory-opdracht is slechts gedeeltelijk uitgevoerd. (0x12B)
[0625/103926.130:WARNING:pe_image_reader.cc(302)] could not read dos header from C:\WINDOWS\System32\ADVAPI32.dll
[0625/103926.130:ERROR:process_reader_win.cc(242)] ReadMemory at 0x7ff890760000 of 64 bytes failed: Een ReadProcessMemory- of WriteProcessMemory-opdracht is slechts gedeeltelijk uitgevoerd. (0x12B)
[0625/103926.130:WARNING:pe_image_reader.cc(302)] could not read dos header from C:\WINDOWS\System32\ADVAPI32.dll
[0625/103926.130:ERROR:process_reader_win.cc(242)] ReadMemory at 0x7ff890070000 of 64 bytes failed: Een ReadProcessMemory- of WriteProcessMemory-opdracht is slechts gedeeltelijk uitgevoerd. (0x12B)
[0625/103926.130:WARNING:pe_image_reader.cc(302)] could not read dos header from C:\WINDOWS\System32\msvcrt.dll
[0625/103926.130:ERROR:process_reader_win.cc(242)] ReadMemory at 0x7ff890070000 of 64 bytes failed: Een ReadProcessMemory- of WriteProcessMemory-opdracht is slechts gedeeltelijk uitgevoerd. (0x12B)
[0625/103926.130:WARNING:pe_image_reader.cc(302)] could not read dos header from C:\WINDOWS\System32\msvcrt.dll
[0625/103926.130:ERROR:process_reader_win.cc(242)] ReadMemory at 0x7ff892a90000 of 64 bytes failed: Een ReadProcessMemory- of WriteProcessMemory-opdracht is slechts gedeeltelijk uitgevoerd. (0x12B)
[0625/103926.130:WARNING:pe_image_reader.cc(302)] could not read dos header from C:\WINDOWS\System32\sechost.dll
[0625/103926.130:ERROR:process_reader_win.cc(242)] ReadMemory at 0x7ff892a90000 of 64 bytes failed: Een ReadProcessMemory- of WriteProcessMemory-opdracht is slechts gedeeltelijk uitgevoerd. (0x12B)
[0625/103926.130:WARNING:pe_image_reader.cc(302)] could not read dos header from C:\WINDOWS\System32\sechost.dll
[0625/103926.130:ERROR:process_reader_win.cc(242)] ReadMemory at 0x7ff890e40000 of 64 bytes failed: Een ReadProcessMemory- of WriteProcessMemory-opdracht is slechts gedeeltelijk uitgevoerd. (0x12B)
[0625/103926.130:WARNING:pe_image_reader.cc(302)] could not read dos header from C:\WINDOWS\System32\RPCRT4.dll
[0625/103926.130:ERROR:process_reader_win.cc(242)] ReadMemory at 0x7ff890e40000 of 64 bytes failed: Een ReadProcessMemory- of WriteProcessMemory-opdracht is slechts gedeeltelijk uitgevoerd. (0x12B)
[0625/103926.130:WARNING:pe_image_reader.cc(302)] could not read dos header from C:\WINDOWS\System32\RPCRT4.dll
[0625/103926.130:ERROR:process_reader_win.cc(242)] ReadMemory at 0x7ff892af0000 of 64 bytes failed: Een ReadProcessMemory- of WriteProcessMemory-opdracht is slechts gedeeltelijk uitgevoerd. (0x12B)
[0625/103926.130:WARNING:pe_image_reader.cc(302)] could not read dos header from C:\WINDOWS\System32\PSAPI.DLL
[0625/103926.130:ERROR:process_reader_win.cc(242)] ReadMemory at 0x7ff892af0000 of 64 bytes failed: Een ReadProcessMemory- of WriteProcessMemory-opdracht is slechts gedeeltelijk uitgevoerd. (0x12B)
[0625/103926.131:WARNING:pe_image_reader.cc(302)] could not read dos header from C:\WINDOWS\System32\PSAPI.DLL
[0625/103926.131:ERROR:process_reader_win.cc(242)] ReadMemory at 0x7ff890fa0000 of 64 bytes failed: Een ReadProcessMemory- of WriteProcessMemory-opdracht is slechts gedeeltelijk uitgevoerd. (0x12B)
[0625/103926.131:WARNING:pe_image_reader.cc(302)] could not read dos header from C:\WINDOWS\System32\SHELL32.dll
[0625/103926.131:ERROR:process_reader_win.cc(242)] ReadMemory at 0x7ff890fa0000 of 64 bytes failed: Een ReadProcessMemory- of WriteProcessMemory-opdracht is slechts gedeeltelijk uitgevoerd. (0x12B)
[0625/103926.131:WARNING:pe_image_reader.cc(302)] could not read dos header from C:\WINDOWS\System32\SHELL32.dll
[0625/103926.131:ERROR:process_reader_win.cc(242)] ReadMemory at 0x7ff88f080000 of 64 bytes failed: Een ReadProcessMemory- of WriteProcessMemory-opdracht is slechts gedeeltelijk uitgevoerd. (0x12B)
[0625/103926.131:WARNING:pe_image_reader.cc(302)] could not read dos header from C:\WINDOWS\System32\cfgmgr32.dll
[0625/103926.131:ERROR:process_reader_win.cc(242)] ReadMemory at 0x7ff88f080000 of 64 bytes failed: Een ReadProcessMemory- of WriteProcessMemory-opdracht is slechts gedeeltelijk uitgevoerd. (0x12B)
[0625/103926.131:WARNING:pe_image_reader.cc(302)] could not read dos header from C:\WINDOWS\System32\cfgmgr32.dll
[0625/103926.131:ERROR:process_reader_win.cc(242)] ReadMemory at 0x7ff88ff70000 of 64 bytes failed: Een ReadProcessMemory- of WriteProcessMemory-opdracht is slechts gedeeltelijk uitgevoerd. (0x12B)
[0625/103926.131:WARNING:pe_image_reader.cc(302)] could not read dos header from C:\WINDOWS\System32\ucrtbase.dll
[0625/103926.131:ERROR:process_reader_win.cc(242)] ReadMemory at 0x7ff88ff70000 of 64 bytes failed: Een ReadProcessMemory- of WriteProcessMemory-opdracht is slechts gedeeltelijk uitgevoerd. (0x12B)
[0625/103926.131:WARNING:pe_image_reader.cc(302)] could not read dos header from C:\WINDOWS\System32\ucrtbase.dll
[0625/103926.131:ERROR:process_reader_win.cc(242)] ReadMemory at 0x7ff892b00000 of 64 bytes failed: Een ReadProcessMemory- of WriteProcessMemory-opdracht is slechts gedeeltelijk uitgevoerd. (0x12B)
[0625/103926.131:WARNING:pe_image_reader.cc(302)] could not read dos header from C:\WINDOWS\System32\shcore.dll
[0625/103926.131:ERROR:process_reader_win.cc(242)] ReadMemory at 0x7ff892b00000 of 64 bytes failed: Een ReadProcessMemory- of WriteProcessMemory-opdracht is slechts gedeeltelijk uitgevoerd. (0x12B)
[0625/103926.131:WARNING:pe_image_reader.cc(302)] could not read dos header from C:\WINDOWS\System32\shcore.dll
[0625/103926.131:ERROR:process_reader_win.cc(242)] ReadMemory at 0x7ff892720000 of 64 bytes failed: Een ReadProcessMemory- of WriteProcessMemory-opdracht is slechts gedeeltelijk uitgevoerd. (0x12B)
[0625/103926.131:WARNING:pe_image_reader.cc(302)] could not read dos header from C:\WINDOWS\System32\combase.dll
[0625/103926.131:ERROR:process_reader_win.cc(242)] ReadMemory at 0x7ff892720000 of 64 bytes failed: Een ReadProcessMemory- of WriteProcessMemory-opdracht is slechts gedeeltelijk uitgevoerd. (0x12B)
[0625/103926.131:WARNING:pe_image_reader.cc(302)] could not read dos header from C:\WINDOWS\System32\combase.dll
[0625/103926.131:ERROR:process_reader_win.cc(242)] ReadMemory at 0x7ff88f7e0000 of 64 bytes failed: Een ReadProcessMemory- of WriteProcessMemory-opdracht is slechts gedeeltelijk uitgevoerd. (0x12B)
[0625/103926.131:WARNING:pe_image_reader.cc(302)] could not read dos header from C:\WINDOWS\System32\bcryptPrimitives.dll
[0625/103926.131:ERROR:process_reader_win.cc(242)] ReadMemory at 0x7ff88f7e0000 of 64 bytes failed: Een ReadProcessMemory- of WriteProcessMemory-opdracht is slechts gedeeltelijk uitgevoerd. (0x12B)
[0625/103926.131:WARNING:pe_image_reader.cc(302)] could not read dos header from C:\WINDOWS\System32\bcryptPrimitives.dll
[0625/103926.131:ERROR:process_reader_win.cc(242)] ReadMemory at 0x7ff88f0d0000 of 64 bytes failed: Een ReadProcessMemory- of WriteProcessMemory-opdracht is slechts gedeeltelijk uitgevoerd. (0x12B)
[0625/103926.131:WARNING:pe_image_reader.cc(302)] could not read dos header from C:\WINDOWS\System32\windows.storage.dll
[0625/103926.132:ERROR:process_reader_win.cc(242)] ReadMemory at 0x7ff88f0d0000 of 64 bytes failed: Een ReadProcessMemory- of WriteProcessMemory-opdracht is slechts gedeeltelijk uitgevoerd. (0x12B)
[0625/103926.132:WARNING:pe_image_reader.cc(302)] could not read dos header from C:\WINDOWS\System32\windows.storage.dll
[0625/103926.132:ERROR:process_reader_win.cc(242)] ReadMemory at 0x7ff8926c0000 of 64 bytes failed: Een ReadProcessMemory- of WriteProcessMemory-opdracht is slechts gedeeltelijk uitgevoerd. (0x12B)
[0625/103926.132:WARNING:pe_image_reader.cc(302)] could not read dos header from C:\WINDOWS\System32\shlwapi.dll
[0625/103926.132:ERROR:process_reader_win.cc(242)] ReadMemory at 0x7ff8926c0000 of 64 bytes failed: Een ReadProcessMemory- of WriteProcessMemory-opdracht is slechts gedeeltelijk uitgevoerd. (0x12B)
[0625/103926.132:WARNING:pe_image_reader.cc(302)] could not read dos header from C:\WINDOWS\System32\shlwapi.dll
[0625/103926.132:ERROR:process_reader_win.cc(242)] ReadMemory at 0x7ff890f70000 of 64 bytes failed: Een ReadProcessMemory- of WriteProcessMemory-opdracht is slechts gedeeltelijk uitgevoerd. (0x12B)
[0625/103926.132:WARNING:pe_image_reader.cc(302)] could not read dos header from C:\WINDOWS\System32\GDI32.dll
[0625/103926.132:ERROR:process_reader_win.cc(242)] ReadMemory at 0x7ff890f70000 of 64 bytes failed: Een ReadProcessMemory- of WriteProcessMemory-opdracht is slechts gedeeltelijk uitgevoerd. (0x12B)
[0625/103926.132:WARNING:pe_image_reader.cc(302)] could not read dos header from C:\WINDOWS\System32\GDI32.dll
[0625/103926.132:ERROR:process_reader_win.cc(242)] ReadMemory at 0x7ff88fdd0000 of 64 bytes failed: Een ReadProcessMemory- of WriteProcessMemory-opdracht is slechts gedeeltelijk uitgevoerd. (0x12B)
[0625/103926.132:WARNING:pe_image_reader.cc(302)] could not read dos header from C:\WINDOWS\System32\gdi32full.dll
[0625/103926.132:ERROR:process_reader_win.cc(242)] ReadMemory at 0x7ff88fdd0000 of 64 bytes failed: Een ReadProcessMemory- of WriteProcessMemory-opdracht is slechts gedeeltelijk uitgevoerd. (0x12B)
[0625/103926.132:WARNING:pe_image_reader.cc(302)] could not read dos header from C:\WINDOWS\System32\gdi32full.dll
[0625/103926.132:ERROR:process_reader_win.cc(242)] ReadMemory at 0x7ff88fd30000 of 64 bytes failed: Een ReadProcessMemory- of WriteProcessMemory-opdracht is slechts gedeeltelijk uitgevoerd. (0x12B)
[0625/103926.132:WARNING:pe_image_reader.cc(302)] could not read dos header from C:\WINDOWS\System32\msvcp_win.dll
[0625/103926.132:ERROR:process_reader_win.cc(242)] ReadMemory at 0x7ff88fd30000 of 64 bytes failed: Een ReadProcessMemory- of WriteProcessMemory-opdracht is slechts gedeeltelijk uitgevoerd. (0x12B)
[0625/103926.132:WARNING:pe_image_reader.cc(302)] could not read dos header from C:\WINDOWS\System32\msvcp_win.dll
[0625/103926.132:ERROR:process_reader_win.cc(242)] ReadMemory at 0x7ff8903b0000 of 64 bytes failed: Een ReadProcessMemory- of WriteProcessMemory-opdracht is slechts gedeeltelijk uitgevoerd. (0x12B)
[0625/103926.132:WARNING:pe_image_reader.cc(302)] could not read dos header from C:\WINDOWS\System32\USER32.dll
[0625/103926.132:ERROR:process_reader_win.cc(242)] ReadMemory at 0x7ff8903b0000 of 64 bytes failed: Een ReadProcessMemory- of WriteProcessMemory-opdracht is slechts gedeeltelijk uitgevoerd. (0x12B)
[0625/103926.132:WARNING:pe_image_reader.cc(302)] could not read dos header from C:\WINDOWS\System32\USER32.dll
[0625/103926.132:ERROR:process_reader_win.cc(242)] ReadMemory at 0x7ff88f060000 of 64 bytes failed: Een ReadProcessMemory- of WriteProcessMemory-opdracht is slechts gedeeltelijk uitgevoerd. (0x12B)
[0625/103926.132:WARNING:pe_image_reader.cc(302)] could not read dos header from C:\WINDOWS\System32\win32u.dll
[0625/103926.132:ERROR:process_reader_win.cc(242)] ReadMemory at 0x7ff88f060000 of 64 bytes failed: Een ReadProcessMemory- of WriteProcessMemory-opdracht is slechts gedeeltelijk uitgevoerd. (0x12B)
[0625/103926.132:WARNING:pe_image_reader.cc(302)] could not read dos header from C:\WINDOWS\System32\win32u.dll
[0625/103926.132:ERROR:process_reader_win.cc(242)] ReadMemory at 0x7ff88ef10000 of 64 bytes failed: Een ReadProcessMemory- of WriteProcessMemory-opdracht is slechts gedeeltelijk uitgevoerd. (0x12B)
[0625/103926.132:WARNING:pe_image_reader.cc(302)] could not read dos header from C:\WINDOWS\System32\kernel.appcore.dll
[0625/103926.132:ERROR:process_reader_win.cc(242)] ReadMemory at 0x7ff88ef10000 of 64 bytes failed: Een ReadProcessMemory- of WriteProcessMemory-opdracht is slechts gedeeltelijk uitgevoerd. (0x12B)
[0625/103926.132:WARNING:pe_image_reader.cc(302)] could not read dos header from C:\WINDOWS\System32\kernel.appcore.dll
[0625/103926.132:ERROR:process_reader_win.cc(242)] ReadMemory at 0x7ff88eef0000 of 64 bytes failed: Een ReadProcessMemory- of WriteProcessMemory-opdracht is slechts gedeeltelijk uitgevoerd. (0x12B)
[0625/103926.132:WARNING:pe_image_reader.cc(302)] could not read dos header from C:\WINDOWS\System32\profapi.dll
[0625/103926.132:ERROR:process_reader_win.cc(242)] ReadMemory at 0x7ff88eef0000 of 64 bytes failed: Een ReadProcessMemory- of WriteProcessMemory-opdracht is slechts gedeeltelijk uitgevoerd. (0x12B)
[0625/103926.132:WARNING:pe_image_reader.cc(302)] could not read dos header from C:\WINDOWS\System32\profapi.dll
[0625/103926.133:ERROR:process_reader_win.cc(242)] ReadMemory at 0x7ff88ef30000 of 64 bytes failed: Een ReadProcessMemory- of WriteProcessMemory-opdracht is slechts gedeeltelijk uitgevoerd. (0x12B)
[0625/103926.133:WARNING:pe_image_reader.cc(302)] could not read dos header from C:\WINDOWS\System32\powrprof.dll
[0625/103926.133:ERROR:process_reader_win.cc(242)] ReadMemory at 0x7ff88ef30000 of 64 bytes failed: Een ReadProcessMemory- of WriteProcessMemory-opdracht is slechts gedeeltelijk uitgevoerd. (0x12B)
[0625/103926.133:WARNING:pe_image_reader.cc(302)] could not read dos header from C:\WINDOWS\System32\powrprof.dll
[0625/103926.133:ERROR:process_reader_win.cc(242)] ReadMemory at 0x7ff88ef80000 of 64 bytes failed: Een ReadProcessMemory- of WriteProcessMemory-opdracht is slechts gedeeltelijk uitgevoerd. (0x12B)
[0625/103926.133:WARNING:pe_image_reader.cc(302)] could not read dos header from C:\WINDOWS\System32\FLTLIB.DLL
[0625/103926.133:ERROR:process_reader_win.cc(242)] ReadMemory at 0x7ff88ef80000 of 64 bytes failed: Een ReadProcessMemory- of WriteProcessMemory-opdracht is slechts gedeeltelijk uitgevoerd. (0x12B)
[0625/103926.133:WARNING:pe_image_reader.cc(302)] could not read dos header from C:\WINDOWS\System32\FLTLIB.DLL
[0625/103926.133:ERROR:process_reader_win.cc(242)] ReadMemory at 0x7ff873db0000 of 64 bytes failed: Een ReadProcessMemory- of WriteProcessMemory-opdracht is slechts gedeeltelijk uitgevoerd. (0x12B)
[0625/103926.133:WARNING:pe_image_reader.cc(302)] could not read dos header from C:\Program Files (x86)\Google\Chrome\Application\67.0.3396.87\chrome_elf.dll
[0625/103926.133:ERROR:process_reader_win.cc(242)] ReadMemory at 0x7ff873db0000 of 64 bytes failed: Een ReadProcessMemory- of WriteProcessMemory-opdracht is slechts gedeeltelijk uitgevoerd. (0x12B)
[0625/103926.133:WARNING:pe_image_reader.cc(302)] could not read dos header from C:\Program Files (x86)\Google\Chrome\Application\67.0.3396.87\chrome_elf.dll
[0625/103926.133:ERROR:process_reader_win.cc(242)] ReadMemory at 0x7ff87da90000 of 64 bytes failed: Een ReadProcessMemory- of WriteProcessMemory-opdracht is slechts gedeeltelijk uitgevoerd. (0x12B)
[0625/103926.133:WARNING:pe_image_reader.cc(302)] could not read dos header from C:\WINDOWS\SYSTEM32\VERSION.dll
[0625/103926.133:ERROR:process_reader_win.cc(242)] ReadMemory at 0x7ff87da90000 of 64 bytes failed: Een ReadProcessMemory- of WriteProcessMemory-opdracht is slechts gedeeltelijk uitgevoerd. (0x12B)
[0625/103926.133:WARNING:pe_image_reader.cc(302)] could not read dos header from C:\WINDOWS\SYSTEM32\VERSION.dll
[0625/103926.133:ERROR:process_reader_win.cc(242)] ReadMemory at 0x7ff88c8f0000 of 64 bytes failed: Een ReadProcessMemory- of WriteProcessMemory-opdracht is slechts gedeeltelijk uitgevoerd. (0x12B)
[0625/103926.133:WARNING:pe_image_reader.cc(302)] could not read dos header from C:\WINDOWS\SYSTEM32\WINMM.dll
[0625/103926.133:ERROR:process_reader_win.cc(242)] ReadMemory at 0x7ff88c8f0000 of 64 bytes failed: Een ReadProcessMemory- of WriteProcessMemory-opdracht is slechts gedeeltelijk uitgevoerd. (0x12B)
[0625/103926.133:WARNING:pe_image_reader.cc(302)] could not read dos header from C:\WINDOWS\SYSTEM32\WINMM.dll
[0625/103926.133:ERROR:process_reader_win.cc(242)] ReadMemory at 0x7ff88edf0000 of 64 bytes failed: Een ReadProcessMemory- of WriteProcessMemory-opdracht is slechts gedeeltelijk uitgevoerd. (0x12B)
[0625/103926.133:WARNING:pe_image_reader.cc(302)] could not read dos header from C:\WINDOWS\SYSTEM32\USERENV.dll
[0625/103926.133:ERROR:process_reader_win.cc(242)] ReadMemory at 0x7ff88edf0000 of 64 bytes failed: Een ReadProcessMemory- of WriteProcessMemory-opdracht is slechts gedeeltelijk uitgevoerd. (0x12B)
[0625/103926.133:WARNING:pe_image_reader.cc(302)] could not read dos header from C:\WINDOWS\SYSTEM32\USERENV.dll
[0625/103926.133:ERROR:process_reader_win.cc(242)] ReadMemory at 0x7ff887a80000 of 64 bytes failed: Een ReadProcessMemory- of WriteProcessMemory-opdracht is slechts gedeeltelijk uitgevoerd. (0x12B)
[0625/103926.133:WARNING:pe_image_reader.cc(302)] could not read dos header from C:\WINDOWS\SYSTEM32\WINHTTP.dll
[0625/103926.133:ERROR:process_reader_win.cc(242)] ReadMemory at 0x7ff887a80000 of 64 bytes failed: Een ReadProcessMemory- of WriteProcessMemory-opdracht is slechts gedeeltelijk uitgevoerd. (0x12B)
[0625/103926.133:WARNING:pe_image_reader.cc(302)] could not read dos header from C:\WINDOWS\SYSTEM32\WINHTTP.dll
[0625/103926.133:ERROR:process_reader_win.cc(242)] ReadMemory at 0x7ff88c8c0000 of 64 bytes failed: Een ReadProcessMemory- of WriteProcessMemory-opdracht is slechts gedeeltelijk uitgevoerd. (0x12B)
[0625/103926.133:WARNING:pe_image_reader.cc(302)] could not read dos header from C:\WINDOWS\SYSTEM32\WINMMBASE.dll
[0625/103926.133:ERROR:process_reader_win.cc(242)] ReadMemory at 0x7ff88c8c0000 of 64 bytes failed: Een ReadProcessMemory- of WriteProcessMemory-opdracht is slechts gedeeltelijk uitgevoerd. (0x12B)
[0625/103926.133:WARNING:pe_image_reader.cc(302)] could not read dos header from C:\WINDOWS\SYSTEM32\WINMMBASE.dll
[0625/103926.134:ERROR:process_reader_win.cc(242)] ReadMemory at 0x7ff88e940000 of 64 bytes failed: Een ReadProcessMemory- of WriteProcessMemory-opdracht is slechts gedeeltelijk uitgevoerd. (0x12B)
[0625/103926.134:WARNING:pe_image_reader.cc(302)] could not read dos header from C:\WINDOWS\SYSTEM32\CRYPTBASE.DLL
[0625/103926.134:ERROR:process_reader_win.cc(242)] ReadMemory at 0x7ff88e940000 of 64 bytes failed: Een ReadProcessMemory- of WriteProcessMemory-opdracht is slechts gedeeltelijk uitgevoerd. (0x12B)
[0625/103926.134:WARNING:pe_image_reader.cc(302)] could not read dos header from C:\WINDOWS\SYSTEM32\CRYPTBASE.DLL
[0625/103926.134:ERROR:process_reader_win.cc(242)] ReadMemory at 0x7ff892a60000 of 64 bytes failed: Een ReadProcessMemory- of WriteProcessMemory-opdracht is slechts gedeeltelijk uitgevoerd. (0x12B)
[0625/103926.134:WARNING:pe_image_reader.cc(302)] could not read dos header from C:\WINDOWS\System32\IMM32.DLL
[0625/103926.134:ERROR:process_reader_win.cc(242)] ReadMemory at 0x7ff892a60000 of 64 bytes failed: Een ReadProcessMemory- of WriteProcessMemory-opdracht is slechts gedeeltelijk uitgevoerd. (0x12B)
[0625/103926.134:WARNING:pe_image_reader.cc(302)] could not read dos header from C:\WINDOWS\System32\IMM32.DLL
[0625/103926.134:ERROR:process_reader_win.cc(242)] ReadMemory at 0x7ff836b50000 of 64 bytes failed: Een ReadProcessMemory- of WriteProcessMemory-opdracht is slechts gedeeltelijk uitgevoerd. (0x12B)
[0625/103926.134:WARNING:pe_image_reader.cc(302)] could not read dos header from C:\Program Files (x86)\Google\Chrome\Application\67.0.3396.87\chrome_child.dll
[0625/103926.134:ERROR:process_reader_win.cc(242)] ReadMemory at 0x7ff836b50000 of 64 bytes failed: Een ReadProcessMemory- of WriteProcessMemory-opdracht is slechts gedeeltelijk uitgevoerd. (0x12B)
[0625/103926.134:WARNING:pe_image_reader.cc(302)] could not read dos header from C:\Program Files (x86)\Google\Chrome\Application\67.0.3396.87\chrome_child.dll
[0625/103926.134:ERROR:process_reader_win.cc(242)] ReadMemory at 0x7ff890120000 of 64 bytes failed: Een ReadProcessMemory- of WriteProcessMemory-opdracht is slechts gedeeltelijk uitgevoerd. (0x12B)
[0625/103926.134:WARNING:pe_image_reader.cc(302)] could not read dos header from C:\WINDOWS\System32\COMDLG32.dll
[0625/103926.134:ERROR:process_reader_win.cc(242)] ReadMemory at 0x7ff890120000 of 64 bytes failed: Een ReadProcessMemory- of WriteProcessMemory-opdracht is slechts gedeeltelijk uitgevoerd. (0x12B)
[0625/103926.134:WARNING:pe_image_reader.cc(302)] could not read dos header from C:\WINDOWS\System32\COMDLG32.dll
[0625/103926.134:ERROR:process_reader_win.cc(242)] ReadMemory at 0x2037c380000 of 64 bytes failed: Een ReadProcessMemory- of WriteProcessMemory-opdracht is slechts gedeeltelijk uitgevoerd. (0x12B)
[0625/103926.134:WARNING:pe_image_reader.cc(302)] could not read dos header from C:\WINDOWS\System32\OLEAUT32.dll
[0625/103926.134:ERROR:process_reader_win.cc(242)] ReadMemory at 0x2037c380000 of 64 bytes failed: Een ReadProcessMemory- of WriteProcessMemory-opdracht is slechts gedeeltelijk uitgevoerd. (0x12B)
[0625/103926.134:WARNING:pe_image_reader.cc(302)] could not read dos header from C:\WINDOWS\System32\OLEAUT32.dll
[0625/103926.134:ERROR:process_reader_win.cc(242)] ReadMemory at 0x7ff890610000 of 64 bytes failed: Een ReadProcessMemory- of WriteProcessMemory-opdracht is slechts gedeeltelijk uitgevoerd. (0x12B)
[0625/103926.134:WARNING:pe_image_reader.cc(302)] could not read dos header from C:\WINDOWS\System32\WS2_32.dll
[0625/103926.134:ERROR:process_reader_win.cc(242)] ReadMemory at 0x7ff890610000 of 64 bytes failed: Een ReadProcessMemory- of WriteProcessMemory-opdracht is slechts gedeeltelijk uitgevoerd. (0x12B)
[0625/103926.134:WARNING:pe_image_reader.cc(302)] could not read dos header from C:\WINDOWS\System32\WS2_32.dll
[0625/103926.134:ERROR:process_reader_win.cc(242)] ReadMemory at 0x2037c760000 of 64 bytes failed: Een ReadProcessMemory- of WriteProcessMemory-opdracht is slechts gedeeltelijk uitgevoerd. (0x12B)
[0625/103926.134:WARNING:pe_image_reader.cc(302)] could not read dos header from C:\WINDOWS\System32\ole32.dll
[0625/103926.134:ERROR:process_reader_win.cc(242)] ReadMemory at 0x2037c760000 of 64 bytes failed: Een ReadProcessMemory- of WriteProcessMemory-opdracht is slechts gedeeltelijk uitgevoerd. (0x12B)
[0625/103926.134:WARNING:pe_image_reader.cc(302)] could not read dos header from C:\WINDOWS\System32\ole32.dll
[0625/103926.134:ERROR:process_reader_win.cc(242)] ReadMemory at 0x7ff88fcd0000 of 64 bytes failed: Een ReadProcessMemory- of WriteProcessMemory-opdracht is slechts gedeeltelijk uitgevoerd. (0x12B)
[0625/103926.134:WARNING:pe_image_reader.cc(302)] could not read dos header from C:\WINDOWS\System32\WINTRUST.dll
[0625/103926.135:ERROR:process_reader_win.cc(242)] ReadMemory at 0x7ff88fcd0000 of 64 bytes failed: Een ReadProcessMemory- of WriteProcessMemory-opdracht is slechts gedeeltelijk uitgevoerd. (0x12B)
[0625/103926.135:WARNING:pe_image_reader.cc(302)] could not read dos header from C:\WINDOWS\System32\WINTRUST.dll
[0625/103926.135:ERROR:process_reader_win.cc(242)] ReadMemory at 0x7ff88ef90000 of 64 bytes failed: Een ReadProcessMemory- of WriteProcessMemory-opdracht is slechts gedeeltelijk uitgevoerd. (0x12B)
[0625/103926.135:WARNING:pe_image_reader.cc(302)] could not read dos header from C:\WINDOWS\System32\MSASN1.dll
[0625/103926.135:ERROR:process_reader_win.cc(242)] ReadMemory at 0x7ff88ef90000 of 64 bytes failed: Een ReadProcessMemory- of WriteProcessMemory-opdracht is slechts gedeeltelijk uitgevoerd. (0x12B)
[0625/103926.135:WARNING:pe_image_reader.cc(302)] could not read dos header from C:\WINDOWS\System32\MSASN1.dll
[0625/103926.135:ERROR:process_reader_win.cc(242)] ReadMemory at 0x7ff88fae0000 of 64 bytes failed: Een ReadProcessMemory- of WriteProcessMemory-opdracht is slechts gedeeltelijk uitgevoerd. (0x12B)
[0625/103926.135:WARNING:pe_image_reader.cc(302)] could not read dos header from C:\WINDOWS\System32\CRYPT32.dll
[0625/103926.135:ERROR:process_reader_win.cc(242)] ReadMemory at 0x7ff88fae0000 of 64 bytes failed: Een ReadProcessMemory- of WriteProcessMemory-opdracht is slechts gedeeltelijk uitgevoerd. (0x12B)
[0625/103926.135:WARNING:pe_image_reader.cc(302)] could not read dos header from C:\WINDOWS\System32\CRYPT32.dll
[0625/103926.135:ERROR:process_reader_win.cc(242)] ReadMemory at 0x7ff87f140000 of 64 bytes failed: Een ReadProcessMemory- of WriteProcessMemory-opdracht is slechts gedeeltelijk uitgevoerd. (0x12B)
[0625/103926.135:WARNING:pe_image_reader.cc(302)] could not read dos header from C:\WINDOWS\WinSxS\amd64_microsoft.windows.common-controls_6595b64144ccf1df_6.0.17134.112_none_fb3f961b30681c12\COMCTL32.dll
[0625/103926.135:ERROR:process_reader_win.cc(242)] ReadMemory at 0x7ff87f140000 of 64 bytes failed: Een ReadProcessMemory- of WriteProcessMemory-opdracht is slechts gedeeltelijk uitgevoerd. (0x12B)
[0625/103926.135:WARNING:pe_image_reader.cc(302)] could not read dos header from C:\WINDOWS\WinSxS\amd64_microsoft.windows.common-controls_6595b64144ccf1df_6.0.17134.112_none_fb3f961b30681c12\COMCTL32.dll
[0625/103926.135:ERROR:process_reader_win.cc(242)] ReadMemory at 0x7ff889bf0000 of 64 bytes failed: Een ReadProcessMemory- of WriteProcessMemory-opdracht is slechts gedeeltelijk uitgevoerd. (0x12B)
[0625/103926.135:WARNING:pe_image_reader.cc(302)] could not read dos header from C:\WINDOWS\SYSTEM32\Secur32.dll
[0625/103926.135:ERROR:process_reader_win.cc(242)] ReadMemory at 0x7ff889bf0000 of 64 bytes failed: Een ReadProcessMemory- of WriteProcessMemory-opdracht is slechts gedeeltelijk uitgevoerd. (0x12B)
[0625/103926.135:WARNING:pe_image_reader.cc(302)] could not read dos header from C:\WINDOWS\SYSTEM32\Secur32.dll
[0625/103926.135:ERROR:process_reader_win.cc(242)] ReadMemory at 0x7ff87ada0000 of 64 bytes failed: Een ReadProcessMemory- of WriteProcessMemory-opdracht is slechts gedeeltelijk uitgevoerd. (0x12B)
[0625/103926.135:WARNING:pe_image_reader.cc(302)] could not read dos header from C:\WINDOWS\SYSTEM32\dbghelp.dll
[0625/103926.135:ERROR:process_reader_win.cc(242)] ReadMemory at 0x7ff87ada0000 of 64 bytes failed: Een ReadProcessMemory- of WriteProcessMemory-opdracht is slechts gedeeltelijk uitgevoerd. (0x12B)
[0625/103926.135:WARNING:pe_image_reader.cc(302)] could not read dos header from C:\WINDOWS\SYSTEM32\dbghelp.dll
[0625/103926.136:ERROR:process_reader_win.cc(242)] ReadMemory at 0x7ff871030000 of 64 bytes failed: Een ReadProcessMemory- of WriteProcessMemory-opdracht is slechts gedeeltelijk uitgevoerd. (0x12B)
[0625/103926.136:WARNING:pe_image_reader.cc(302)] could not read dos header from C:\WINDOWS\SYSTEM32\USP10.dll
[0625/103926.136:ERROR:process_reader_win.cc(242)] ReadMemory at 0x7ff871030000 of 64 bytes failed: Een ReadProcessMemory- of WriteProcessMemory-opdracht is slechts gedeeltelijk uitgevoerd. (0x12B)
[0625/103926.136:WARNING:pe_image_reader.cc(302)] could not read dos header from C:\WINDOWS\SYSTEM32\USP10.dll
[0625/103926.136:ERROR:process_reader_win.cc(242)] ReadMemory at 0x7ff887470000 of 64 bytes failed: Een ReadProcessMemory- of WriteProcessMemory-opdracht is slechts gedeeltelijk uitgevoerd. (0x12B)
[0625/103926.136:WARNING:pe_image_reader.cc(302)] could not read dos header from C:\WINDOWS\SYSTEM32\WINSPOOL.DRV
[0625/103926.136:ERROR:process_reader_win.cc(242)] ReadMemory at 0x7ff887470000 of 64 bytes failed: Een ReadProcessMemory- of WriteProcessMemory-opdracht is slechts gedeeltelijk uitgevoerd. (0x12B)
[0625/103926.136:WARNING:pe_image_reader.cc(302)] could not read dos header from C:\WINDOWS\SYSTEM32\WINSPOOL.DRV
[0625/103926.136:ERROR:process_reader_win.cc(242)] ReadMemory at 0x7ff88e4f0000 of 64 bytes failed: Een ReadProcessMemory- of WriteProcessMemory-opdracht is slechts gedeeltelijk uitgevoerd. (0x12B)
[0625/103926.136:WARNING:pe_image_reader.cc(302)] could not read dos header from C:\WINDOWS\SYSTEM32\IPHLPAPI.DLL
[0625/103926.136:ERROR:process_reader_win.cc(242)] ReadMemory at 0x7ff88e4f0000 of 64 bytes failed: Een ReadProcessMemory- of WriteProcessMemory-opdracht is slechts gedeeltelijk uitgevoerd. (0x12B)
[0625/103926.136:WARNING:pe_image_reader.cc(302)] could not read dos header from C:\WINDOWS\SYSTEM32\IPHLPAPI.DLL
[0625/103926.136:ERROR:process_reader_win.cc(242)] ReadMemory at 0x7ff887d80000 of 64 bytes failed: Een ReadProcessMemory- of WriteProcessMemory-opdracht is slechts gedeeltelijk uitgevoerd. (0x12B)
[0625/103926.136:WARNING:pe_image_reader.cc(302)] could not read dos header from C:\WINDOWS\SYSTEM32\urlmon.dll
[0625/103926.136:ERROR:process_reader_win.cc(242)] ReadMemory at 0x7ff887d80000 of 64 bytes failed: Een ReadProcessMemory- of WriteProcessMemory-opdracht is slechts gedeeltelijk uitgevoerd. (0x12B)
[0625/103926.136:WARNING:pe_image_reader.cc(302)] could not read dos header from C:\WINDOWS\SYSTEM32\urlmon.dll
[0625/103926.136:ERROR:process_reader_win.cc(242)] ReadMemory at 0x7ff880340000 of 64 bytes failed: Een ReadProcessMemory- of WriteProcessMemory-opdracht is slechts gedeeltelijk uitgevoerd. (0x12B)
[0625/103926.136:WARNING:pe_image_reader.cc(302)] could not read dos header from C:\WINDOWS\SYSTEM32\DWrite.dll
[0625/103926.137:ERROR:process_reader_win.cc(242)] ReadMemory at 0x7ff880340000 of 64 bytes failed: Een ReadProcessMemory- of WriteProcessMemory-opdracht is slechts gedeeltelijk uitgevoerd. (0x12B)
[0625/103926.137:WARNING:pe_image_reader.cc(302)] could not read dos header from C:\WINDOWS\SYSTEM32\DWrite.dll
[0625/103926.137:ERROR:process_reader_win.cc(242)] ReadMemory at 0x7ff88dd70000 of 64 bytes failed: Een ReadProcessMemory- of WriteProcessMemory-opdracht is slechts gedeeltelijk uitgevoerd. (0x12B)
[0625/103926.137:WARNING:pe_image_reader.cc(302)] could not read dos header from C:\WINDOWS\SYSTEM32\dxgi.dll
[0625/103926.137:ERROR:process_reader_win.cc(242)] ReadMemory at 0x7ff88dd70000 of 64 bytes failed: Een ReadProcessMemory- of WriteProcessMemory-opdracht is slechts gedeeltelijk uitgevoerd. (0x12B)
[0625/103926.137:WARNING:pe_image_reader.cc(302)] could not read dos header from C:\WINDOWS\SYSTEM32\dxgi.dll
[0625/103926.137:ERROR:process_reader_win.cc(242)] ReadMemory at 0x7ff888c10000 of 64 bytes failed: Een ReadProcessMemory- of WriteProcessMemory-opdracht is slechts gedeeltelijk uitgevoerd. (0x12B)
[0625/103926.137:WARNING:pe_image_reader.cc(302)] could not read dos header from C:\WINDOWS\SYSTEM32\dhcpcsvc.DLL
[0625/103926.137:ERROR:process_reader_win.cc(242)] ReadMemory at 0x7ff888c10000 of 64 bytes failed: Een ReadProcessMemory- of WriteProcessMemory-opdracht is slechts gedeeltelijk uitgevoerd. (0x12B)
[0625/103926.137:WARNING:pe_image_reader.cc(302)] could not read dos header from C:\WINDOWS\SYSTEM32\dhcpcsvc.DLL
[0625/103926.137:ERROR:process_reader_win.cc(242)] ReadMemory at 0x7ff892a50000 of 64 bytes failed: Een ReadProcessMemory- of WriteProcessMemory-opdracht is slechts gedeeltelijk uitgevoerd. (0x12B)
[0625/103926.137:WARNING:pe_image_reader.cc(302)] could not read dos header from C:\WINDOWS\System32\NSI.dll
[0625/103926.138:ERROR:process_reader_win.cc(242)] ReadMemory at 0x7ff892a50000 of 64 bytes failed: Een ReadProcessMemory- of WriteProcessMemory-opdracht is slechts gedeeltelijk uitgevoerd. (0x12B)
[0625/103926.138:WARNING:pe_image_reader.cc(302)] could not read dos header from C:\WINDOWS\System32\NSI.dll
[0625/103926.138:ERROR:process_reader_win.cc(242)] ReadMemory at 0x7ff88d850000 of 64 bytes failed: Een ReadProcessMemory- of WriteProcessMemory-opdracht is slechts gedeeltelijk uitgevoerd. (0x12B)
[0625/103926.138:WARNING:pe_image_reader.cc(302)] could not read dos header from C:\WINDOWS\SYSTEM32\PROPSYS.dll
[0625/103926.138:ERROR:process_reader_win.cc(242)] ReadMemory at 0x7ff88d850000 of 64 bytes failed: Een ReadProcessMemory- of WriteProcessMemory-opdracht is slechts gedeeltelijk uitgevoerd. (0x12B)
[0625/103926.138:WARNING:pe_image_reader.cc(302)] could not read dos header from C:\WINDOWS\SYSTEM32\PROPSYS.dll
[0625/103926.138:ERROR:process_reader_win.cc(242)] ReadMemory at 0x7ff88ea50000 of 64 bytes failed: Een ReadProcessMemory- of WriteProcessMemory-opdracht is slechts gedeeltelijk uitgevoerd. (0x12B)
[0625/103926.138:WARNING:pe_image_reader.cc(302)] could not read dos header from C:\WINDOWS\SYSTEM32\bcrypt.dll
[0625/103926.138:ERROR:process_reader_win.cc(242)] ReadMemory at 0x7ff88ea50000 of 64 bytes failed: Een ReadProcessMemory- of WriteProcessMemory-opdracht is slechts gedeeltelijk uitgevoerd. (0x12B)
[0625/103926.138:WARNING:pe_image_reader.cc(302)] could not read dos header from C:\WINDOWS\SYSTEM32\bcrypt.dll
[0625/103926.138:ERROR:process_reader_win.cc(242)] ReadMemory at 0x7ff886eb0000 of 64 bytes failed: Een ReadProcessMemory- of WriteProcessMemory-opdracht is slechts gedeeltelijk uitgevoerd. (0x12B)
[0625/103926.138:WARNING:pe_image_reader.cc(302)] could not read dos header from C:\WINDOWS\SYSTEM32\iertutil.dll
[0625/103926.138:ERROR:process_reader_win.cc(242)] ReadMemory at 0x7ff886eb0000 of 64 bytes failed: Een ReadProcessMemory- of WriteProcessMemory-opdracht is slechts gedeeltelijk uitgevoerd. (0x12B)
[0625/103926.138:WARNING:pe_image_reader.cc(302)] could not read dos header from C:\WINDOWS\SYSTEM32\iertutil.dll
[0625/103926.138:ERROR:process_reader_win.cc(242)] ReadMemory at 0x7ff88ee20000 of 64 bytes failed: Een ReadProcessMemory- of WriteProcessMemory-opdracht is slechts gedeeltelijk uitgevoerd. (0x12B)
[0625/103926.138:WARNING:pe_image_reader.cc(302)] could not read dos header from C:\WINDOWS\SYSTEM32\SSPICLI.DLL
[0625/103926.139:ERROR:process_reader_win.cc(242)] ReadMemory at 0x7ff88ee20000 of 64 bytes failed: Een ReadProcessMemory- of WriteProcessMemory-opdracht is slechts gedeeltelijk uitgevoerd. (0x12B)
[0625/103926.139:WARNING:pe_image_reader.cc(302)] could not read dos header from C:\WINDOWS\SYSTEM32\SSPICLI.DLL
[0625/103926.198:ERROR:process_reader_win.cc(242)] ReadMemory at 0x7ff71f2a0000 of 64 bytes failed: Een ReadProcessMemory- of WriteProcessMemory-opdracht is slechts gedeeltelijk uitgevoerd. (0x12B)
[0625/103926.199:WARNING:pe_image_reader.cc(302)] could not read dos header from C:\Program Files (x86)\Google\Chrome\Application\chrome.exe
[0625/103926.199:ERROR:process_reader_win.cc(242)] ReadMemory at 0x7ff892be0000 of 64 bytes failed: Een ReadProcessMemory- of WriteProcessMemory-opdracht is slechts gedeeltelijk uitgevoerd. (0x12B)
[0625/103926.199:WARNING:pe_image_reader.cc(302)] could not read dos header from C:\WINDOWS\SYSTEM32\ntdll.dll
[0625/103926.199:ERROR:process_reader_win.cc(242)] ReadMemory at 0x7ff890680000 of 64 bytes failed: Een ReadProcessMemory- of WriteProcessMemory-opdracht is slechts gedeeltelijk uitgevoerd. (0x12B)
[0625/103926.199:WARNING:pe_image_reader.cc(302)] could not read dos header from C:\WINDOWS\System32\KERNEL32.DLL
[0625/103926.199:ERROR:process_reader_win.cc(242)] ReadMemory at 0x7ff88f860000 of 64 bytes failed: Een ReadProcessMemory- of WriteProcessMemory-opdracht is slechts gedeeltelijk uitgevoerd. (0x12B)
[0625/103926.199:WARNING:pe_image_reader.cc(302)] could not read dos header from C:\WINDOWS\System32\KERNELBASE.dll
[0625/103926.199:ERROR:process_reader_win.cc(242)] ReadMemory at 0x7ff88cf20000 of 64 bytes failed: Een ReadProcessMemory- of WriteProcessMemory-opdracht is slechts gedeeltelijk uitgevoerd. (0x12B)
[0625/103926.199:WARNING:pe_image_reader.cc(302)] could not read dos header from C:\WINDOWS\SYSTEM32\apphelp.dll
[0625/103926.199:ERROR:process_reader_win.cc(242)] ReadMemory at 0x7ff890760000 of 64 bytes failed: Een ReadProcessMemory- of WriteProcessMemory-opdracht is slechts gedeeltelijk uitgevoerd. (0x12B)
[0625/103926.199:WARNING:pe_image_reader.cc(302)] could not read dos header from C:\WINDOWS\System32\ADVAPI32.dll
[0625/103926.199:ERROR:process_reader_win.cc(242)] ReadMemory at 0x7ff890070000 of 64 bytes failed: Een ReadProcessMemory- of WriteProcessMemory-opdracht is slechts gedeeltelijk uitgevoerd. (0x12B)
[0625/103926.199:WARNING:pe_image_reader.cc(302)] could not read dos header from C:\WINDOWS\System32\msvcrt.dll
[0625/103926.199:ERROR:process_reader_win.cc(242)] ReadMemory at 0x7ff892a90000 of 64 bytes failed: Een ReadProcessMemory- of WriteProcessMemory-opdracht is slechts gedeeltelijk uitgevoerd. (0x12B)
[0625/103926.199:WARNING:pe_image_reader.cc(302)] could not read dos header from C:\WINDOWS\System32\sechost.dll
[0625/103926.199:ERROR:process_reader_win.cc(242)] ReadMemory at 0x7ff890e40000 of 64 bytes failed: Een ReadProcessMemory- of WriteProcessMemory-opdracht is slechts gedeeltelijk uitgevoerd. (0x12B)
[0625/103926.199:WARNING:pe_image_reader.cc(302)] could not read dos header from C:\WINDOWS\System32\RPCRT4.dll
[0625/103926.199:ERROR:process_reader_win.cc(242)] ReadMemory at 0x7ff892af0000 of 64 bytes failed: Een ReadProcessMemory- of WriteProcessMemory-opdracht is slechts gedeeltelijk uitgevoerd. (0x12B)
[0625/103926.199:WARNING:pe_image_reader.cc(302)] could not read dos header from C:\WINDOWS\System32\PSAPI.DLL
[0625/103926.199:ERROR:process_reader_win.cc(242)] ReadMemory at 0x7ff890fa0000 of 64 bytes failed: Een ReadProcessMemory- of WriteProcessMemory-opdracht is slechts gedeeltelijk uitgevoerd. (0x12B)
[0625/103926.199:WARNING:pe_image_reader.cc(302)] could not read dos header from C:\WINDOWS\System32\SHELL32.dll
[0625/103926.199:ERROR:process_reader_win.cc(242)] ReadMemory at 0x7ff88f080000 of 64 bytes failed: Een ReadProcessMemory- of WriteProcessMemory-opdracht is slechts gedeeltelijk uitgevoerd. (0x12B)
[0625/103926.199:WARNING:pe_image_reader.cc(302)] could not read dos header from C:\WINDOWS\System32\cfgmgr32.dll
[0625/103926.199:ERROR:process_reader_win.cc(242)] ReadMemory at 0x7ff88ff70000 of 64 bytes failed: Een ReadProcessMemory- of WriteProcessMemory-opdracht is slechts gedeeltelijk uitgevoerd. (0x12B)
[0625/103926.199:WARNING:pe_image_reader.cc(302)] could not read dos header from C:\WINDOWS\System32\ucrtbase.dll
[0625/103926.200:ERROR:process_reader_win.cc(242)] ReadMemory at 0x7ff892b00000 of 64 bytes failed: Een ReadProcessMemory- of WriteProcessMemory-opdracht is slechts gedeeltelijk uitgevoerd. (0x12B)
[0625/103926.200:WARNING:pe_image_reader.cc(302)] could not read dos header from C:\WINDOWS\System32\shcore.dll
[0625/103926.200:ERROR:process_reader_win.cc(242)] ReadMemory at 0x7ff892720000 of 64 bytes failed: Een ReadProcessMemory- of WriteProcessMemory-opdracht is slechts gedeeltelijk uitgevoerd. (0x12B)
[0625/103926.200:WARNING:pe_image_reader.cc(302)] could not read dos header from C:\WINDOWS\System32\combase.dll
[0625/103926.200:ERROR:process_reader_win.cc(242)] ReadMemory at 0x7ff88f7e0000 of 64 bytes failed: Een ReadProcessMemory- of WriteProcessMemory-opdracht is slechts gedeeltelijk uitgevoerd. (0x12B)
[0625/103926.200:WARNING:pe_image_reader.cc(302)] could not read dos header from C:\WINDOWS\System32\bcryptPrimitives.dll
[0625/103926.200:ERROR:process_reader_win.cc(242)] ReadMemory at 0x7ff88f0d0000 of 64 bytes failed: Een ReadProcessMemory- of WriteProcessMemory-opdracht is slechts gedeeltelijk uitgevoerd. (0x12B)
[0625/103926.200:WARNING:pe_image_reader.cc(302)] could not read dos header from C:\WINDOWS\System32\windows.storage.dll
[0625/103926.200:ERROR:process_reader_win.cc(242)] ReadMemory at 0x7ff8926c0000 of 64 bytes failed: Een ReadProcessMemory- of WriteProcessMemory-opdracht is slechts gedeeltelijk uitgevoerd. (0x12B)
[0625/103926.200:WARNING:pe_image_reader.cc(302)] could not read dos header from C:\WINDOWS\System32\shlwapi.dll
[0625/103926.200:ERROR:process_reader_win.cc(242)] ReadMemory at 0x7ff890f70000 of 64 bytes failed: Een ReadProcessMemory- of WriteProcessMemory-opdracht is slechts gedeeltelijk uitgevoerd. (0x12B)
[0625/103926.200:WARNING:pe_image_reader.cc(302)] could not read dos header from C:\WINDOWS\System32\GDI32.dll
[0625/103926.200:ERROR:process_reader_win.cc(242)] ReadMemory at 0x7ff88fdd0000 of 64 bytes failed: Een ReadProcessMemory- of WriteProcessMemory-opdracht is slechts gedeeltelijk uitgevoerd. (0x12B)
[0625/103926.200:WARNING:pe_image_reader.cc(302)] could not read dos header from C:\WINDOWS\System32\gdi32full.dll
[0625/103926.200:ERROR:process_reader_win.cc(242)] ReadMemory at 0x7ff88fd30000 of 64 bytes failed: Een ReadProcessMemory- of WriteProcessMemory-opdracht is slechts gedeeltelijk uitgevoerd. (0x12B)
[0625/103926.200:WARNING:pe_image_reader.cc(302)] could not read dos header from C:\WINDOWS\System32\msvcp_win.dll
[0625/103926.200:ERROR:process_reader_win.cc(242)] ReadMemory at 0x7ff8903b0000 of 64 bytes failed: Een ReadProcessMemory- of WriteProcessMemory-opdracht is slechts gedeeltelijk uitgevoerd. (0x12B)
[0625/103926.200:WARNING:pe_image_reader.cc(302)] could not read dos header from C:\WINDOWS\System32\USER32.dll
[0625/103926.200:ERROR:process_reader_win.cc(242)] ReadMemory at 0x7ff88f060000 of 64 bytes failed: Een ReadProcessMemory- of WriteProcessMemory-opdracht is slechts gedeeltelijk uitgevoerd. (0x12B)
[0625/103926.200:WARNING:pe_image_reader.cc(302)] could not read dos header from C:\WINDOWS\System32\win32u.dll
[0625/103926.200:ERROR:process_reader_win.cc(242)] ReadMemory at 0x7ff88ef10000 of 64 bytes failed: Een ReadProcessMemory- of WriteProcessMemory-opdracht is slechts gedeeltelijk uitgevoerd. (0x12B)
[0625/103926.200:WARNING:pe_image_reader.cc(302)] could not read dos header from C:\WINDOWS\System32\kernel.appcore.dll
[0625/103926.200:ERROR:process_reader_win.cc(242)] ReadMemory at 0x7ff88eef0000 of 64 bytes failed: Een ReadProcessMemory- of WriteProcessMemory-opdracht is slechts gedeeltelijk uitgevoerd. (0x12B)
[0625/103926.200:WARNING:pe_image_reader.cc(302)] could not read dos header from C:\WINDOWS\System32\profapi.dll
[0625/103926.200:ERROR:process_reader_win.cc(242)] ReadMemory at 0x7ff88ef30000 of 64 bytes failed: Een ReadProcessMemory- of WriteProcessMemory-opdracht is slechts gedeeltelijk uitgevoerd. (0x12B)
[0625/103926.200:WARNING:pe_image_reader.cc(302)] could not read dos header from C:\WINDOWS\System32\powrprof.dll
[0625/103926.200:ERROR:process_reader_win.cc(242)] ReadMemory at 0x7ff88ef80000 of 64 bytes failed: Een ReadProcessMemory- of WriteProcessMemory-opdracht is slechts gedeeltelijk uitgevoerd. (0x12B)
[0625/103926.200:WARNING:pe_image_reader.cc(302)] could not read dos header from C:\WINDOWS\System32\FLTLIB.DLL
[0625/103926.200:ERROR:process_reader_win.cc(242)] ReadMemory at 0x7ff873db0000 of 64 bytes failed: Een ReadProcessMemory- of WriteProcessMemory-opdracht is slechts gedeeltelijk uitgevoerd. (0x12B)
[0625/103926.201:WARNING:pe_image_reader.cc(302)] could not read dos header from C:\Program Files (x86)\Google\Chrome\Application\67.0.3396.87\chrome_elf.dll
[0625/103926.201:ERROR:process_reader_win.cc(242)] ReadMemory at 0x7ff87da90000 of 64 bytes failed: Een ReadProcessMemory- of WriteProcessMemory-opdracht is slechts gedeeltelijk uitgevoerd. (0x12B)
[0625/103926.201:WARNING:pe_image_reader.cc(302)] could not read dos header from C:\WINDOWS\SYSTEM32\VERSION.dll
[0625/103926.201:ERROR:process_reader_win.cc(242)] ReadMemory at 0x7ff88c8f0000 of 64 bytes failed: Een ReadProcessMemory- of WriteProcessMemory-opdracht is slechts gedeeltelijk uitgevoerd. (0x12B)
[0625/103926.201:WARNING:pe_image_reader.cc(302)] could not read dos header from C:\WINDOWS\SYSTEM32\WINMM.dll
[0625/103926.201:ERROR:process_reader_win.cc(242)] ReadMemory at 0x7ff88edf0000 of 64 bytes failed: Een ReadProcessMemory- of WriteProcessMemory-opdracht is slechts gedeeltelijk uitgevoerd. (0x12B)
[0625/103926.201:WARNING:pe_image_reader.cc(302)] could not read dos header from C:\WINDOWS\SYSTEM32\USERENV.dll
[0625/103926.201:ERROR:process_reader_win.cc(242)] ReadMemory at 0x7ff887a80000 of 64 bytes failed: Een ReadProcessMemory- of WriteProcessMemory-opdracht is slechts gedeeltelijk uitgevoerd. (0x12B)
[0625/103926.201:WARNING:pe_image_reader.cc(302)] could not read dos header from C:\WINDOWS\SYSTEM32\WINHTTP.dll
[0625/103926.201:ERROR:process_reader_win.cc(242)] ReadMemory at 0x7ff88c8c0000 of 64 bytes failed: Een ReadProcessMemory- of WriteProcessMemory-opdracht is slechts gedeeltelijk uitgevoerd. (0x12B)
[0625/103926.201:WARNING:pe_image_reader.cc(302)] could not read dos header from C:\WINDOWS\SYSTEM32\WINMMBASE.dll
[0625/103926.201:ERROR:process_reader_win.cc(242)] ReadMemory at 0x7ff88e940000 of 64 bytes failed: Een ReadProcessMemory- of WriteProcessMemory-opdracht is slechts gedeeltelijk uitgevoerd. (0x12B)
[0625/103926.201:WARNING:pe_image_reader.cc(302)] could not read dos header from C:\WINDOWS\SYSTEM32\CRYPTBASE.DLL
[0625/103926.201:ERROR:process_reader_win.cc(242)] ReadMemory at 0x7ff892a60000 of 64 bytes failed: Een ReadProcessMemory- of WriteProcessMemory-opdracht is slechts gedeeltelijk uitgevoerd. (0x12B)
[0625/103926.201:WARNING:pe_image_reader.cc(302)] could not read dos header from C:\WINDOWS\System32\IMM32.DLL
[0625/103926.201:ERROR:process_reader_win.cc(242)] ReadMemory at 0x7ff836b50000 of 64 bytes failed: Een ReadProcessMemory- of WriteProcessMemory-opdracht is slechts gedeeltelijk uitgevoerd. (0x12B)
[0625/103926.201:WARNING:pe_image_reader.cc(302)] could not read dos header from C:\Program Files (x86)\Google\Chrome\Application\67.0.3396.87\chrome_child.dll
[0625/103926.201:ERROR:process_reader_win.cc(242)] ReadMemory at 0x7ff890120000 of 64 bytes failed: Een ReadProcessMemory- of WriteProcessMemory-opdracht is slechts gedeeltelijk uitgevoerd. (0x12B)
[0625/103926.201:WARNING:pe_image_reader.cc(302)] could not read dos header from C:\WINDOWS\System32\COMDLG32.dll
[0625/103926.201:ERROR:process_reader_win.cc(242)] ReadMemory at 0x2037c380000 of 64 bytes failed: Een ReadProcessMemory- of WriteProcessMemory-opdracht is slechts gedeeltelijk uitgevoerd. (0x12B)
[0625/103926.201:WARNING:pe_image_reader.cc(302)] could not read dos header from C:\WINDOWS\System32\OLEAUT32.dll
[0625/103926.201:ERROR:process_reader_win.cc(242)] ReadMemory at 0x7ff890610000 of 64 bytes failed: Een ReadProcessMemory- of WriteProcessMemory-opdracht is slechts gedeeltelijk uitgevoerd. (0x12B)
[0625/103926.201:WARNING:pe_image_reader.cc(302)] could not read dos header from C:\WINDOWS\System32\WS2_32.dll
[0625/103926.202:ERROR:process_reader_win.cc(242)] ReadMemory at 0x2037c760000 of 64 bytes failed: Een ReadProcessMemory- of WriteProcessMemory-opdracht is slechts gedeeltelijk uitgevoerd. (0x12B)
[0625/103926.202:WARNING:pe_image_reader.cc(302)] could not read dos header from C:\WINDOWS\System32\ole32.dll
[0625/103926.202:ERROR:process_reader_win.cc(242)] ReadMemory at 0x7ff88fcd0000 of 64 bytes failed: Een ReadProcessMemory- of WriteProcessMemory-opdracht is slechts gedeeltelijk uitgevoerd. (0x12B)
[0625/103926.202:WARNING:pe_image_reader.cc(302)] could not read dos header from C:\WINDOWS\System32\WINTRUST.dll
[0625/103926.202:ERROR:process_reader_win.cc(242)] ReadMemory at 0x7ff88ef90000 of 64 bytes failed: Een ReadProcessMemory- of WriteProcessMemory-opdracht is slechts gedeeltelijk uitgevoerd. (0x12B)
[0625/103926.202:WARNING:pe_image_reader.cc(302)] could not read dos header from C:\WINDOWS\System32\MSASN1.dll
[0625/103926.202:ERROR:process_reader_win.cc(242)] ReadMemory at 0x7ff88fae0000 of 64 bytes failed: Een ReadProcessMemory- of WriteProcessMemory-opdracht is slechts gedeeltelijk uitgevoerd. (0x12B)
[0625/103926.202:WARNING:pe_image_reader.cc(302)] could not read dos header from C:\WINDOWS\System32\CRYPT32.dll
[0625/103926.202:ERROR:process_reader_win.cc(242)] ReadMemory at 0x7ff87f140000 of 64 bytes failed: Een ReadProcessMemory- of WriteProcessMemory-opdracht is slechts gedeeltelijk uitgevoerd. (0x12B)
[0625/103926.202:WARNING:pe_image_reader.cc(302)] could not read dos header from C:\WINDOWS\WinSxS\amd64_microsoft.windows.common-controls_6595b64144ccf1df_6.0.17134.112_none_fb3f961b30681c12\COMCTL32.dll
[0625/103926.202:ERROR:process_reader_win.cc(242)] ReadMemory at 0x7ff889bf0000 of 64 bytes failed: Een ReadProcessMemory- of WriteProcessMemory-opdracht is slechts gedeeltelijk uitgevoerd. (0x12B)
[0625/103926.202:WARNING:pe_image_reader.cc(302)] could not read dos header from C:\WINDOWS\SYSTEM32\Secur32.dll
[0625/103926.202:ERROR:process_reader_win.cc(242)] ReadMemory at 0x7ff87ada0000 of 64 bytes failed: Een ReadProcessMemory- of WriteProcessMemory-opdracht is slechts gedeeltelijk uitgevoerd. (0x12B)
[0625/103926.202:WARNING:pe_image_reader.cc(302)] could not read dos header from C:\WINDOWS\SYSTEM32\dbghelp.dll
[0625/103926.202:ERROR:process_reader_win.cc(242)] ReadMemory at 0x7ff871030000 of 64 bytes failed: Een ReadProcessMemory- of WriteProcessMemory-opdracht is slechts gedeeltelijk uitgevoerd. (0x12B)
[0625/103926.202:WARNING:pe_image_reader.cc(302)] could not read dos header from C:\WINDOWS\SYSTEM32\USP10.dll
[0625/103926.202:ERROR:process_reader_win.cc(242)] ReadMemory at 0x7ff887470000 of 64 bytes failed: Een ReadProcessMemory- of WriteProcessMemory-opdracht is slechts gedeeltelijk uitgevoerd. (0x12B)
[0625/103926.203:WARNING:pe_image_reader.cc(302)] could not read dos header from C:\WINDOWS\SYSTEM32\WINSPOOL.DRV
[0625/103926.203:ERROR:process_reader_win.cc(242)] ReadMemory at 0x7ff88e4f0000 of 64 bytes failed: Een ReadProcessMemory- of WriteProcessMemory-opdracht is slechts gedeeltelijk uitgevoerd. (0x12B)
[0625/103926.203:WARNING:pe_image_reader.cc(302)] could not read dos header from C:\WINDOWS\SYSTEM32\IPHLPAPI.DLL
[0625/103926.203:ERROR:process_reader_win.cc(242)] ReadMemory at 0x7ff887d80000 of 64 bytes failed: Een ReadProcessMemory- of WriteProcessMemory-opdracht is slechts gedeeltelijk uitgevoerd. (0x12B)
[0625/103926.203:WARNING:pe_image_reader.cc(302)] could not read dos header from C:\WINDOWS\SYSTEM32\urlmon.dll
[0625/103926.203:ERROR:process_reader_win.cc(242)] ReadMemory at 0x7ff880340000 of 64 bytes failed: Een ReadProcessMemory- of WriteProcessMemory-opdracht is slechts gedeeltelijk uitgevoerd. (0x12B)
[0625/103926.203:WARNING:pe_image_reader.cc(302)] could not read dos header from C:\WINDOWS\SYSTEM32\DWrite.dll
[0625/103926.203:ERROR:process_reader_win.cc(242)] ReadMemory at 0x7ff88dd70000 of 64 bytes failed: Een ReadProcessMemory- of WriteProcessMemory-opdracht is slechts gedeeltelijk uitgevoerd. (0x12B)
[0625/103926.203:WARNING:pe_image_reader.cc(302)] could not read dos header from C:\WINDOWS\SYSTEM32\dxgi.dll
[0625/103926.203:ERROR:process_reader_win.cc(242)] ReadMemory at 0x7ff888c10000 of 64 bytes failed: Een ReadProcessMemory- of WriteProcessMemory-opdracht is slechts gedeeltelijk uitgevoerd. (0x12B)
[0625/103926.203:WARNING:pe_image_reader.cc(302)] could not read dos header from C:\WINDOWS\SYSTEM32\dhcpcsvc.DLL
[0625/103926.203:ERROR:process_reader_win.cc(242)] ReadMemory at 0x7ff892a50000 of 64 bytes failed: Een ReadProcessMemory- of WriteProcessMemory-opdracht is slechts gedeeltelijk uitgevoerd. (0x12B)
[0625/103926.203:WARNING:pe_image_reader.cc(302)] could not read dos header from C:\WINDOWS\System32\NSI.dll
[0625/103926.203:ERROR:process_reader_win.cc(242)] ReadMemory at 0x7ff88d850000 of 64 bytes failed: Een ReadProcessMemory- of WriteProcessMemory-opdracht is slechts gedeeltelijk uitgevoerd. (0x12B)
[0625/103926.203:WARNING:pe_image_reader.cc(302)] could not read dos header from C:\WINDOWS\SYSTEM32\PROPSYS.dll
[0625/103926.203:ERROR:process_reader_win.cc(242)] ReadMemory at 0x7ff88ea50000 of 64 bytes failed: Een ReadProcessMemory- of WriteProcessMemory-opdracht is slechts gedeeltelijk uitgevoerd. (0x12B)
[0625/103926.204:WARNING:pe_image_reader.cc(302)] could not read dos header from C:\WINDOWS\SYSTEM32\bcrypt.dll
[0625/103926.204:ERROR:process_reader_win.cc(242)] ReadMemory at 0x7ff886eb0000 of 64 bytes failed: Een ReadProcessMemory- of WriteProcessMemory-opdracht is slechts gedeeltelijk uitgevoerd. (0x12B)
[0625/103926.204:WARNING:pe_image_reader.cc(302)] could not read dos header from C:\WINDOWS\SYSTEM32\iertutil.dll
[0625/103926.204:ERROR:process_reader_win.cc(242)] ReadMemory at 0x7ff88ee20000 of 64 bytes failed: Een ReadProcessMemory- of WriteProcessMemory-opdracht is slechts gedeeltelijk uitgevoerd. (0x12B)
[0625/103926.204:WARNING:pe_image_reader.cc(302)] could not read dos header from C:\WINDOWS\SYSTEM32\SSPICLI.DLL
[0625/103926.314:ERROR:process_reader_win.cc(242)] ReadMemory at 0x926cdfb000 of 20480 bytes failed: Een ReadProcessMemory- of WriteProcessMemory-opdracht is slechts gedeeltelijk uitgevoerd. (0x12B)
[0625/103926.314:ERROR:crash_report_exception_handler.cc(111)] WriteEverything failed
[0625/103926.315:ERROR:filesystem_win.cc(148)] DeleteFile C:\Users\Hattum\AppData\Local\Google\Chrome\User Data\Crashpad\reports\4ce8fdd1-b589-4c02-903a-8184b677a155.dmp: Het proces heeft geen toegang tot het bestand omdat het door een anderproces wordt gebruikt. (0x20)
[0625/103926.315:ERROR:scoped_process_suspend.cc(40)] NtResumeProcess: Er is geprobeerd toegang te krijgen tot een proces dat wordt afgesloten. (0xc000010a)
